/usr/local/sbin/log-module.py:43: DeprecationWarning: The 'warn' method is deprecated, use 'warning' instead
  my_logger.warn("ModuleLoggingWARN Unexpected arguments to log-module.py: " + str(leftovers))
/usr/local/sbin/log-module.py:43: DeprecationWarning: The 'warn' method is deprecated, use 'warning' instead
  my_logger.warn("ModuleLoggingWARN Unexpected arguments to log-module.py: " + str(leftovers))
Thu Sep  4 15:56:14 2025 --- VERSION: RagTag v2.1.0
Thu Sep  4 15:56:14 2025 --- CMD: ragtag.py scaffold -o /project/gifvl_vaccinium/MxO_GeneticMap/results/genome_scaffolding_ragtag/Voxycoccos_NJ96-20_v1_ragtag_scaffolded -t 16 /project/gifvl_vaccinium/vaccinium_genomes//V_macrocarpon_Stevens_v1.fasta /project/gifvl_vaccinium/vaccinium_genomes//Voxycoccos_NJ96-20_v1-scaffolds.fasta
Thu Sep  4 15:56:14 2025 --- WARNING: Without '-u' invoked, some component/object AGP pairs might share the same ID. Some external programs/databases don't like this. To ensure valid AGP format, use '-u'.
Thu Sep  4 15:56:14 2025 --- INFO: Mapping the query genome to the reference genome
Thu Sep  4 15:56:15 2025 --- INFO: Running: minimap2 -x asm5 -t 16 /project/gifvl_vaccinium/vaccinium_genomes/V_macrocarpon_Stevens_v1.fasta /project/gifvl_vaccinium/vaccinium_genomes/Voxycoccos_NJ96-20_v1-scaffolds.fasta > /project/gifvl_vaccinium/MxO_GeneticMap/results/genome_scaffolding_ragtag/Voxycoccos_NJ96-20_v1_ragtag_scaffolded/ragtag.scaffold.asm.paf 2> /project/gifvl_vaccinium/MxO_GeneticMap/results/genome_scaffolding_ragtag/Voxycoccos_NJ96-20_v1_ragtag_scaffolded/ragtag.scaffold.asm.paf.log
Thu Sep  4 15:56:56 2025 --- INFO: Finished running : minimap2 -x asm5 -t 16 /project/gifvl_vaccinium/vaccinium_genomes/V_macrocarpon_Stevens_v1.fasta /project/gifvl_vaccinium/vaccinium_genomes/Voxycoccos_NJ96-20_v1-scaffolds.fasta > /project/gifvl_vaccinium/MxO_GeneticMap/results/genome_scaffolding_ragtag/Voxycoccos_NJ96-20_v1_ragtag_scaffolded/ragtag.scaffold.asm.paf 2> /project/gifvl_vaccinium/MxO_GeneticMap/results/genome_scaffolding_ragtag/Voxycoccos_NJ96-20_v1_ragtag_scaffolded/ragtag.scaffold.asm.paf.log
Thu Sep  4 15:56:56 2025 --- INFO: Reading whole genome alignments
Thu Sep  4 15:56:56 2025 --- INFO: Filtering and merging alignments
Thu Sep  4 15:56:56 2025 --- INFO: Ordering and orienting query sequences
Thu Sep  4 15:56:56 2025 --- INFO: Writing scaffolds
Thu Sep  4 15:56:56 2025 --- INFO: Writing: /project/gifvl_vaccinium/MxO_GeneticMap/results/genome_scaffolding_ragtag/Voxycoccos_NJ96-20_v1_ragtag_scaffolded/ragtag.scaffold.agp
Thu Sep  4 15:57:00 2025 --- INFO: Running: ragtag_agp2fa.py /project/gifvl_vaccinium/MxO_GeneticMap/results/genome_scaffolding_ragtag/Voxycoccos_NJ96-20_v1_ragtag_scaffolded/ragtag.scaffold.agp /project/gifvl_vaccinium/vaccinium_genomes/Voxycoccos_NJ96-20_v1-scaffolds.fasta > /project/gifvl_vaccinium/MxO_GeneticMap/results/genome_scaffolding_ragtag/Voxycoccos_NJ96-20_v1_ragtag_scaffolded/ragtag.scaffold.fasta 2> /project/gifvl_vaccinium/MxO_GeneticMap/results/genome_scaffolding_ragtag/Voxycoccos_NJ96-20_v1_ragtag_scaffolded/ragtag.scaffold.err
Thu Sep  4 15:57:04 2025 --- INFO: Finished running : ragtag_agp2fa.py /project/gifvl_vaccinium/MxO_GeneticMap/results/genome_scaffolding_ragtag/Voxycoccos_NJ96-20_v1_ragtag_scaffolded/ragtag.scaffold.agp /project/gifvl_vaccinium/vaccinium_genomes/Voxycoccos_NJ96-20_v1-scaffolds.fasta > /project/gifvl_vaccinium/MxO_GeneticMap/results/genome_scaffolding_ragtag/Voxycoccos_NJ96-20_v1_ragtag_scaffolded/ragtag.scaffold.fasta 2> /project/gifvl_vaccinium/MxO_GeneticMap/results/genome_scaffolding_ragtag/Voxycoccos_NJ96-20_v1_ragtag_scaffolded/ragtag.scaffold.err
Thu Sep  4 15:57:04 2025 --- INFO: Running: ragtag_stats.py /project/gifvl_vaccinium/MxO_GeneticMap/results/genome_scaffolding_ragtag/Voxycoccos_NJ96-20_v1_ragtag_scaffolded/ragtag.scaffold.agp /project/gifvl_vaccinium/MxO_GeneticMap/results/genome_scaffolding_ragtag/Voxycoccos_NJ96-20_v1_ragtag_scaffolded/ragtag.scaffold.confidence.txt > /project/gifvl_vaccinium/MxO_GeneticMap/results/genome_scaffolding_ragtag/Voxycoccos_NJ96-20_v1_ragtag_scaffolded/ragtag.scaffold.stats 2> /project/gifvl_vaccinium/MxO_GeneticMap/results/genome_scaffolding_ragtag/Voxycoccos_NJ96-20_v1_ragtag_scaffolded/ragtag.scaffold.err
Thu Sep  4 15:57:05 2025 --- INFO: Finished running : ragtag_stats.py /project/gifvl_vaccinium/MxO_GeneticMap/results/genome_scaffolding_ragtag/Voxycoccos_NJ96-20_v1_ragtag_scaffolded/ragtag.scaffold.agp /project/gifvl_vaccinium/MxO_GeneticMap/results/genome_scaffolding_ragtag/Voxycoccos_NJ96-20_v1_ragtag_scaffolded/ragtag.scaffold.confidence.txt > /project/gifvl_vaccinium/MxO_GeneticMap/results/genome_scaffolding_ragtag/Voxycoccos_NJ96-20_v1_ragtag_scaffolded/ragtag.scaffold.stats 2> /project/gifvl_vaccinium/MxO_GeneticMap/results/genome_scaffolding_ragtag/Voxycoccos_NJ96-20_v1_ragtag_scaffolded/ragtag.scaffold.err
Thu Sep  4 15:57:05 2025 --- INFO: Goodbye
