/usr/local/sbin/log-module.py:43: DeprecationWarning: The 'warn' method is deprecated, use 'warning' instead
  my_logger.warn("ModuleLoggingWARN Unexpected arguments to log-module.py: " + str(leftovers))
/usr/local/sbin/log-module.py:43: DeprecationWarning: The 'warn' method is deprecated, use 'warning' instead
  my_logger.warn("ModuleLoggingWARN Unexpected arguments to log-module.py: " + str(leftovers))
/usr/local/sbin/log-module.py:43: DeprecationWarning: The 'warn' method is deprecated, use 'warning' instead
  my_logger.warn("ModuleLoggingWARN Unexpected arguments to log-module.py: " + str(leftovers))
[M::bwa_idx_load_from_disk] read 0 ALT contigs
[M::process] read 3076924 sequences (320000096 bp)...
[M::process] read 653140 sequences (67926560 bp)...
[M::mem_pestat] # candidate unique pairs for (FF, FR, RF, RR): (0, 1132354, 443, 1)
[M::mem_pestat] skip orientation FF as there are not enough pairs
[M::mem_pestat] analyzing insert size distribution for orientation FR...
[M::mem_pestat] (25, 50, 75) percentile: (163, 197, 231)
[M::mem_pestat] low and high boundaries for computing mean and std.dev: (27, 367)
[M::mem_pestat] mean and std.dev: (197.69, 47.53)
[M::mem_pestat] low and high boundaries for proper pairs: (1, 435)
[M::mem_pestat] analyzing insert size distribution for orientation RF...
[M::mem_pestat] (25, 50, 75) percentile: (99, 143, 162)
[M::mem_pestat] low and high boundaries for computing mean and std.dev: (1, 288)
[M::mem_pestat] mean and std.dev: (114.15, 72.08)
[M::mem_pestat] low and high boundaries for proper pairs: (1, 402)
[M::mem_pestat] skip orientation RR as there are not enough pairs
[M::mem_pestat] skip orientation RF
[M::mem_process_seqs] Processed 3076924 reads in 745.846 CPU sec, 25.013 real sec
[M::mem_pestat] # candidate unique pairs for (FF, FR, RF, RR): (0, 239516, 93, 0)
[M::mem_pestat] skip orientation FF as there are not enough pairs
[M::mem_pestat] analyzing insert size distribution for orientation FR...
[M::mem_pestat] (25, 50, 75) percentile: (163, 197, 231)
[M::mem_pestat] low and high boundaries for computing mean and std.dev: (27, 367)
[M::mem_pestat] mean and std.dev: (197.68, 47.52)
[M::mem_pestat] low and high boundaries for proper pairs: (1, 435)
[M::mem_pestat] analyzing insert size distribution for orientation RF...
[M::mem_pestat] (25, 50, 75) percentile: (18, 137, 162)
[M::mem_pestat] low and high boundaries for computing mean and std.dev: (1, 450)
[M::mem_pestat] mean and std.dev: (119.92, 81.11)
[M::mem_pestat] low and high boundaries for proper pairs: (1, 594)
[M::mem_pestat] skip orientation RR as there are not enough pairs
[M::mem_pestat] skip orientation RF
[M::mem_process_seqs] Processed 653140 reads in 160.996 CPU sec, 5.846 real sec
